<?xml version="1.0" encoding="UTF-8"?>
<!-- Generated by org.testng.reporters.JUnitReportReporter -->
<testsuite hostname="DESKTOP-PBDFRFN" failures="0" tests="3" name="test.Day4" time="0.014" errors="0" timestamp="2024-06-07T15:57:34 IST" skipped="0">
  <testcase classname="test.Day4" name="MobileLoginhomeLoan" time="0.003"/>
  <testcase classname="test.Day4" name="WebloginHomeLoan" time="0.009"/>
  <testcase classname="test.Day4" name="LoginAPIhomeLoan" time="0.002"/>
</testsuite> <!-- test.Day4 -->
