<?xml version="1.0" encoding="UTF-8"?>
<!-- Generated by org.testng.reporters.JUnitReportReporter -->
<testsuite hostname="DESKTOP-PBDFRFN" failures="0" tests="1" name="test.Day2" time="0.010" errors="0" timestamp="2024-06-07T15:57:34 IST" skipped="0">
  <testcase classname="test.Day2" name="ploan" time="0.010"/>
</testsuite> <!-- test.Day2 -->
