<?xml version="1.0" encoding="UTF-8"?>
<!-- Generated by org.testng.reporters.JUnitReportReporter -->
<testsuite hostname="DESKTOP-PBDFRFN" failures="0" tests="3" name="test.Day3" time="0.024" errors="0" timestamp="2024-06-07T15:57:34 IST" skipped="1">
  <testcase classname="test.Day3" name="APIcarLoan" time="0.019"/>
  <testcase classname="test.Day3" name="WebloginCarLoan" time="0.005"/>
  <testcase classname="test.Day3" name="MobileSignincarLoan">
    <skipped/>
  </testcase> <!-- MobileSignincarLoan -->
</testsuite> <!-- test.Day3 -->
